<?xml version="1.0" encoding="UTF-8"?>
<testng-results ignored="0" total="1" passed="1" failed="0" skipped="0">
  <reporter-output>
  </reporter-output>
  <suite started-at="2021-03-17T10:03:24 IST" name="com.htc.Madinson" finished-at="2021-03-17T10:03:35 IST" duration-ms="10779">
    <groups>
    </groups>
    <test started-at="2021-03-17T10:03:24 IST" name="Madinson WebPages Test" finished-at="2021-03-17T10:03:35 IST" duration-ms="10779">
      <class name="com.htc.newMadinson.test.RegistrationTest">
        <test-method is-config="true" signature="setUp()[pri:0, instance:com.htc.newMadinson.test.RegistrationTest@41e1e210]" started-at="2021-03-17T10:03:24 IST" name="setUp" finished-at="2021-03-17T10:03:29 IST" duration-ms="4988" status="PASS">
          <reporter-output>
          </reporter-output>
        </test-method> <!-- setUp -->
        <test-method signature="createNewAccountTest_credantialsShouldBeFetchedFromExcel_shouldRegisterSuccessful(java.util.Map)[pri:0, instance:com.htc.newMadinson.test.RegistrationTest@41e1e210]" started-at="2021-03-17T10:03:31 IST" name="createNewAccountTest_credantialsShouldBeFetchedFromExcel_shouldRegisterSuccessful" data-provider="Registration_Details" finished-at="2021-03-17T10:03:34 IST" duration-ms="3671" status="PASS">
          <params>
            <param index="0">
              <value>
                <![CDATA[{Email=xyz123@htc.com, LastName=B, FirstName=xyz, Password=123spa, ConfirmPassword=123spa}]]>
              </value>
            </param>
          </params>
          <reporter-output>
          </reporter-output>
        </test-method> <!-- createNewAccountTest_credantialsShouldBeFetchedFromExcel_shouldRegisterSuccessful -->
        <test-method is-config="true" signature="tearDown()[pri:0, instance:com.htc.newMadinson.test.RegistrationTest@41e1e210]" started-at="2021-03-17T10:03:35 IST" name="tearDown" finished-at="2021-03-17T10:03:35 IST" duration-ms="0" status="PASS">
          <reporter-output>
          </reporter-output>
        </test-method> <!-- tearDown -->
      </class> <!-- com.htc.newMadinson.test.RegistrationTest -->
    </test> <!-- Madinson WebPages Test -->
  </suite> <!-- com.htc.Madinson -->
</testng-results>
