<?xml version="1.0" encoding="UTF-8"?>
<testng-results ignored="0" total="2" passed="2" failed="0" skipped="0">
  <reporter-output>
  </reporter-output>
  <suite started-at="2021-03-17T10:22:24 IST" name="Default suite" finished-at="2021-03-17T10:22:36 IST" duration-ms="12103">
    <groups>
    </groups>
    <test started-at="2021-03-17T10:22:24 IST" name="Default test" finished-at="2021-03-17T10:22:36 IST" duration-ms="12103">
      <class name="com.htc.newMadinson.test.LoginTest">
        <test-method is-config="true" signature="setUp()[pri:0, instance:com.htc.newMadinson.test.LoginTest@29e495ff]" started-at="2021-03-17T10:22:24 IST" name="setUp" finished-at="2021-03-17T10:22:29 IST" duration-ms="4894" status="PASS">
          <reporter-output>
          </reporter-output>
        </test-method> <!-- setUp -->
        <test-method signature="loginTest(java.util.Map)[pri:0, instance:com.htc.newMadinson.test.LoginTest@29e495ff]" started-at="2021-03-17T10:22:30 IST" name="loginTest" data-provider="Login" finished-at="2021-03-17T10:22:34 IST" duration-ms="4021" status="PASS">
          <params>
            <param index="0">
              <value>
                <![CDATA[{Expected=MY DASHBOARD, Email=dine.rohi333@htc.com, Password=123spa}]]>
              </value>
            </param>
          </params>
          <reporter-output>
          </reporter-output>
        </test-method> <!-- loginTest -->
        <test-method signature="loginTest(java.util.Map)[pri:0, instance:com.htc.newMadinson.test.LoginTest@29e495ff]" started-at="2021-03-17T10:22:34 IST" name="loginTest" data-provider="Login" finished-at="2021-03-17T10:22:36 IST" duration-ms="1878" status="PASS">
          <params>
            <param index="0">
              <value>
                <![CDATA[{Expected=Invalid login or password., Email=jai24@htc.com, Password=123welcome}]]>
              </value>
            </param>
          </params>
          <reporter-output>
          </reporter-output>
        </test-method> <!-- loginTest -->
        <test-method is-config="true" signature="tearDown()[pri:0, instance:com.htc.newMadinson.test.LoginTest@29e495ff]" started-at="2021-03-17T10:22:36 IST" name="tearDown" finished-at="2021-03-17T10:22:36 IST" duration-ms="0" status="PASS">
          <reporter-output>
          </reporter-output>
        </test-method> <!-- tearDown -->
      </class> <!-- com.htc.newMadinson.test.LoginTest -->
    </test> <!-- Default test -->
  </suite> <!-- Default suite -->
</testng-results>
