<?xml version="1.0" encoding="UTF-8"?>
<testng-results ignored="0" total="1" passed="1" failed="0" skipped="0">
  <reporter-output>
  </reporter-output>
  <suite started-at="2021-03-17T11:09:23 IST" name="Default suite" finished-at="2021-03-17T11:09:54 IST" duration-ms="31231">
    <groups>
    </groups>
    <test started-at="2021-03-17T11:09:23 IST" name="Default test" finished-at="2021-03-17T11:09:54 IST" duration-ms="31231">
      <class name="com.htc.newMadinson.test.CheckOutTest">
        <test-method is-config="true" signature="setUp()[pri:0, instance:com.htc.newMadinson.test.CheckOutTest@29e495ff]" started-at="2021-03-17T11:09:23 IST" name="setUp" finished-at="2021-03-17T11:09:28 IST" duration-ms="4952" status="PASS">
          <reporter-output>
          </reporter-output>
        </test-method> <!-- setUp -->
        <test-method signature="checkOutPageTest_shouldSelectTheProduct_orderShouldBePlaced(java.util.Map)[pri:0, instance:com.htc.newMadinson.test.CheckOutTest@29e495ff]" started-at="2021-03-17T11:09:30 IST" name="checkOutPageTest_shouldSelectTheProduct_orderShouldBePlaced" data-provider="Billing_Information" finished-at="2021-03-17T11:09:54 IST" duration-ms="24732" status="PASS">
          <params>
            <param index="0">
              <value>
                <![CDATA[{password=123spa, Address=1,abc, Telephone=9.898989898E9, FirstName=Rohith, PostalCode=600079.0, Country=India, LastName=B, City=chennai, email=dine.rohi333@htc.com}]]>
              </value>
            </param>
          </params>
          <reporter-output>
          </reporter-output>
        </test-method> <!-- checkOutPageTest_shouldSelectTheProduct_orderShouldBePlaced -->
        <test-method is-config="true" signature="tearDown()[pri:0, instance:com.htc.newMadinson.test.CheckOutTest@29e495ff]" started-at="2021-03-17T11:09:54 IST" name="tearDown" finished-at="2021-03-17T11:09:54 IST" duration-ms="0" status="PASS">
          <reporter-output>
          </reporter-output>
        </test-method> <!-- tearDown -->
      </class> <!-- com.htc.newMadinson.test.CheckOutTest -->
    </test> <!-- Default test -->
  </suite> <!-- Default suite -->
</testng-results>
