<?xml version="1.0" encoding="UTF-8"?>
<testng-results ignored="0" total="4" passed="4" failed="0" skipped="0">
  <reporter-output>
  </reporter-output>
  <suite started-at="2021-03-17T17:46:46 IST" name="com.htc.Madinson" finished-at="2021-03-17T17:47:47 IST" duration-ms="61560">
    <groups>
    </groups>
    <test started-at="2021-03-17T17:46:46 IST" name="Madinson WebPages Test" finished-at="2021-03-17T17:47:47 IST" duration-ms="61560">
      <class name="com.htc.newMadinson.test.CheckOutTest">
        <test-method is-config="true" signature="setUp()[pri:0, instance:com.htc.newMadinson.test.CheckOutTest@732c2a62]" started-at="2021-03-17T17:47:11 IST" name="setUp" finished-at="2021-03-17T17:47:15 IST" duration-ms="4497" status="PASS">
          <reporter-output>
          </reporter-output>
        </test-method> <!-- setUp -->
        <test-method signature="checkOutPageTest_shouldSelectTheProduct_orderShouldBePlaced(java.util.Map)[pri:0, instance:com.htc.newMadinson.test.CheckOutTest@732c2a62]" started-at="2021-03-17T17:47:15 IST" name="checkOutPageTest_shouldSelectTheProduct_orderShouldBePlaced" data-provider="Billing_Information" finished-at="2021-03-17T17:47:47 IST" duration-ms="31288" status="PASS">
          <params>
            <param index="0">
              <value>
                <![CDATA[{password=123spa, Address=1,abc, Telephone=9.898989898E9, FirstName=Rohith, PostalCode=600079.0, Country=India, LastName=B, City=chennai, ShirtQuantity=2.0, email=dine.rohi333@htc.com}]]>
              </value>
            </param>
          </params>
          <reporter-output>
          </reporter-output>
        </test-method> <!-- checkOutPageTest_shouldSelectTheProduct_orderShouldBePlaced -->
        <test-method is-config="true" signature="tearDown()[pri:0, instance:com.htc.newMadinson.test.CheckOutTest@732c2a62]" started-at="2021-03-17T17:47:47 IST" name="tearDown" finished-at="2021-03-17T17:47:47 IST" duration-ms="1" status="PASS">
          <reporter-output>
          </reporter-output>
        </test-method> <!-- tearDown -->
      </class> <!-- com.htc.newMadinson.test.CheckOutTest -->
      <class name="com.htc.newMadinson.test.RegistrationTest">
        <test-method is-config="true" signature="setUp()[pri:0, instance:com.htc.newMadinson.test.RegistrationTest@a3d8174]" started-at="2021-03-17T17:46:46 IST" name="setUp" finished-at="2021-03-17T17:46:51 IST" duration-ms="5207" status="PASS">
          <reporter-output>
          </reporter-output>
        </test-method> <!-- setUp -->
        <test-method signature="createNewAccountTest_credantialsShouldBeFetchedFromExcel_shouldRegisterSuccessful(java.util.Map)[pri:0, instance:com.htc.newMadinson.test.RegistrationTest@a3d8174]" started-at="2021-03-17T17:46:53 IST" name="createNewAccountTest_credantialsShouldBeFetchedFromExcel_shouldRegisterSuccessful" data-provider="Registration_Details" finished-at="2021-03-17T17:46:58 IST" duration-ms="4836" status="PASS">
          <params>
            <param index="0">
              <value>
                <![CDATA[{Email=abe729@htc.com, LastName=B, FirstName=xyz, Password=123spa, ConfirmPassword=123spa}]]>
              </value>
            </param>
          </params>
          <reporter-output>
          </reporter-output>
        </test-method> <!-- createNewAccountTest_credantialsShouldBeFetchedFromExcel_shouldRegisterSuccessful -->
        <test-method is-config="true" signature="tearDown()[pri:0, instance:com.htc.newMadinson.test.RegistrationTest@a3d8174]" started-at="2021-03-17T17:46:58 IST" name="tearDown" finished-at="2021-03-17T17:46:58 IST" duration-ms="0" status="PASS">
          <reporter-output>
          </reporter-output>
        </test-method> <!-- tearDown -->
      </class> <!-- com.htc.newMadinson.test.RegistrationTest -->
      <class name="com.htc.newMadinson.test.LoginTest">
        <test-method is-config="true" signature="setUp()[pri:0, instance:com.htc.newMadinson.test.LoginTest@1ba9117e]" started-at="2021-03-17T17:46:58 IST" name="setUp" finished-at="2021-03-17T17:47:02 IST" duration-ms="3929" status="PASS">
          <reporter-output>
          </reporter-output>
        </test-method> <!-- setUp -->
        <test-method signature="loginTest(java.util.Map)[pri:0, instance:com.htc.newMadinson.test.LoginTest@1ba9117e]" started-at="2021-03-17T17:47:02 IST" name="loginTest" data-provider="Login" finished-at="2021-03-17T17:47:07 IST" duration-ms="4773" status="PASS">
          <params>
            <param index="0">
              <value>
                <![CDATA[{Expected=MY DASHBOARD, Email=dine.rohi333@htc.com, Password=123spa}]]>
              </value>
            </param>
          </params>
          <reporter-output>
          </reporter-output>
        </test-method> <!-- loginTest -->
        <test-method signature="loginTest(java.util.Map)[pri:0, instance:com.htc.newMadinson.test.LoginTest@1ba9117e]" started-at="2021-03-17T17:47:08 IST" name="loginTest" data-provider="Login" finished-at="2021-03-17T17:47:10 IST" duration-ms="2729" status="PASS">
          <params>
            <param index="0">
              <value>
                <![CDATA[{Expected=Invalid login or password., Email=jai24@htc.com, Password=123welcome}]]>
              </value>
            </param>
          </params>
          <reporter-output>
          </reporter-output>
        </test-method> <!-- loginTest -->
        <test-method is-config="true" signature="tearDown()[pri:0, instance:com.htc.newMadinson.test.LoginTest@1ba9117e]" started-at="2021-03-17T17:47:11 IST" name="tearDown" finished-at="2021-03-17T17:47:11 IST" duration-ms="0" status="PASS">
          <reporter-output>
          </reporter-output>
        </test-method> <!-- tearDown -->
      </class> <!-- com.htc.newMadinson.test.LoginTest -->
    </test> <!-- Madinson WebPages Test -->
  </suite> <!-- com.htc.Madinson -->
</testng-results>
